<?xml version="1.0" encoding="UTF-8"?>
<!-- Generated by org.testng.reporters.JUnitReportReporter -->
<testsuite hostname="AnkursPC" failures="0" tests="10" name="com.api.runners.TestRunner" time="10.777" errors="0" timestamp="2025-05-19T02:18:43 BST" skipped="0">
  <testcase classname="com.api.runners.TestRunner" name="runScenario" time="0.512"/>
  <system-out/>
  <testcase classname="com.api.runners.TestRunner" name="runScenario" time="1.413"/>
  <system-out/>
  <testcase classname="com.api.runners.TestRunner" name="runScenario" time="0.908"/>
  <system-out/>
  <testcase classname="com.api.runners.TestRunner" name="runScenario" time="0.411"/>
  <system-out/>
  <testcase classname="com.api.runners.TestRunner" name="runScenario" time="0.433"/>
  <system-out/>
  <testcase classname="com.api.runners.TestRunner" name="runScenario" time="2.212"/>
  <system-out/>
  <testcase classname="com.api.runners.TestRunner" name="runScenario" time="0.822"/>
  <system-out/>
  <testcase classname="com.api.runners.TestRunner" name="runScenario" time="0.843"/>
  <system-out/>
  <testcase classname="com.api.runners.TestRunner" name="runScenario" time="1.182"/>
  <system-out/>
  <testcase classname="com.api.runners.TestRunner" name="runScenario" time="2.041"/>
  <system-out/>
</testsuite> <!-- com.api.runners.TestRunner -->
